2021-12-09 20:29:20,935 INFO org.springframework.boot.StartupInfoLogger [restartedMain] Starting TaskbookServiceApplication using Java 1.8.0_282 on THINKLENS with PID 12564 (C:\Users\thirdeyelens\CCE-PRG7941-Fall2021-Agile\FINAL-PROJECT\taskbook-service\target\classes started by thirdeyelens in C:\Users\thirdeyelens\CCE-PRG7941-Fall2021-Agile\FINAL-PROJECT\taskbook-service)
2021-12-09 20:29:20,939 DEBUG org.springframework.boot.StartupInfoLogger [restartedMain] Running with Spring Boot v2.5.7, Spring v5.3.13
2021-12-09 20:29:20,939 INFO org.springframework.boot.SpringApplication [restartedMain] The following profiles are active: local
2021-12-09 20:29:25,783 INFO org.springframework.boot.StartupInfoLogger [restartedMain] Started TaskbookServiceApplication in 5.391 seconds (JVM running for 6.278)
2021-12-09 20:30:51,911 ERROR edu.cpcc.labs.taskbook.exception.ApiCustomExceptionHandler [http-nio-8080-exec-3] HV000030: No validator could be found for constraint 'javax.validation.constraints.NotEmpty' validating type 'edu.cpcc.labs.taskbook.model.TaskStatus'. Check configuration for 'status'
2021-12-09 20:32:09,361 INFO org.springframework.boot.StartupInfoLogger [restartedMain] Starting TaskbookServiceApplication using Java 1.8.0_282 on THINKLENS with PID 12564 (C:\Users\thirdeyelens\CCE-PRG7941-Fall2021-Agile\FINAL-PROJECT\taskbook-service\target\classes started by thirdeyelens in C:\Users\thirdeyelens\CCE-PRG7941-Fall2021-Agile\FINAL-PROJECT\taskbook-service)
2021-12-09 20:32:09,361 DEBUG org.springframework.boot.StartupInfoLogger [restartedMain] Running with Spring Boot v2.5.7, Spring v5.3.13
2021-12-09 20:32:09,362 INFO org.springframework.boot.SpringApplication [restartedMain] The following profiles are active: local
2021-12-09 20:32:10,217 INFO org.springframework.boot.StartupInfoLogger [restartedMain] Started TaskbookServiceApplication in 0.903 seconds (JVM running for 170.712)
2021-12-09 20:33:23,483 ERROR edu.cpcc.labs.taskbook.exception.ApiCustomExceptionHandler [http-nio-8080-exec-3] Task not found for id: 2
2021-12-09 20:53:03,601 ERROR edu.cpcc.labs.taskbook.exception.ApiCustomExceptionHandler [http-nio-8080-exec-6] [Task Name cannot be null or empty.]
2021-12-09 20:53:03,602 ERROR edu.cpcc.labs.taskbook.exception.ApiCustomExceptionHandler [http-nio-8080-exec-6] Validation failed for argument [0] in public org.springframework.http.ResponseEntity<edu.cpcc.labs.taskbook.model.Task> edu.cpcc.labs.taskbook.controller.TaskController.update(edu.cpcc.labs.taskbook.model.Task): [Field error in object 'task' on field 'name': rejected value []; codes [NotEmpty.task.name,NotEmpty.name,NotEmpty.java.lang.String,NotEmpty]; arguments [org.springframework.context.support.DefaultMessageSourceResolvable: codes [task.name,name]; arguments []; default message [name]]; default message [Task Name cannot be null or empty.]] 
2021-12-09 22:12:33,181 INFO org.springframework.boot.StartupInfoLogger [restartedMain] Starting TaskbookServiceApplication using Java 1.8.0_282 on THINKLENS with PID 12564 (C:\Users\thirdeyelens\CCE-PRG7941-Fall2021-Agile\FINAL-PROJECT\taskbook-service\target\classes started by thirdeyelens in C:\Users\thirdeyelens\CCE-PRG7941-Fall2021-Agile\FINAL-PROJECT\taskbook-service)
2021-12-09 22:12:33,182 DEBUG org.springframework.boot.StartupInfoLogger [restartedMain] Running with Spring Boot v2.5.7, Spring v5.3.13
2021-12-09 22:12:33,182 INFO org.springframework.boot.SpringApplication [restartedMain] The following profiles are active: local
2021-12-09 22:12:34,038 INFO org.springframework.boot.StartupInfoLogger [restartedMain] Started TaskbookServiceApplication in 0.899 seconds (JVM running for 6194.533)
2021-12-09 22:20:32,264 INFO org.springframework.boot.StartupInfoLogger [restartedMain] Starting TaskbookServiceApplication using Java 1.8.0_282 on THINKLENS with PID 12564 (C:\Users\thirdeyelens\CCE-PRG7941-Fall2021-Agile\FINAL-PROJECT\taskbook-service\target\classes started by thirdeyelens in C:\Users\thirdeyelens\CCE-PRG7941-Fall2021-Agile\FINAL-PROJECT\taskbook-service)
2021-12-09 22:20:32,265 DEBUG org.springframework.boot.StartupInfoLogger [restartedMain] Running with Spring Boot v2.5.7, Spring v5.3.13
2021-12-09 22:20:32,265 INFO org.springframework.boot.SpringApplication [restartedMain] The following profiles are active: local
2021-12-09 22:20:32,972 INFO org.springframework.boot.StartupInfoLogger [restartedMain] Started TaskbookServiceApplication in 0.748 seconds (JVM running for 6673.467)
2021-12-09 22:20:51,758 ERROR edu.cpcc.labs.taskbook.exception.ApiCustomExceptionHandler [http-nio-8080-exec-2] [Task Name cannot be null or empty.]
2021-12-09 22:20:51,758 ERROR edu.cpcc.labs.taskbook.exception.ApiCustomExceptionHandler [http-nio-8080-exec-2] Validation failed for argument [0] in public org.springframework.http.ResponseEntity<edu.cpcc.labs.taskbook.model.Task> edu.cpcc.labs.taskbook.controller.TaskController.update(edu.cpcc.labs.taskbook.model.Task): [Field error in object 'task' on field 'name': rejected value []; codes [NotEmpty.task.name,NotEmpty.name,NotEmpty.java.lang.String,NotEmpty]; arguments [org.springframework.context.support.DefaultMessageSourceResolvable: codes [task.name,name]; arguments []; default message [name]]; default message [Task Name cannot be null or empty.]] 
